<?xml version="1.0" encoding="UTF-8"?>
<!-- Generated by org.testng.reporters.JUnitReportReporter -->
<testsuite skipped="0" hostname="Ajith-PC" name="scripts.TestInvalidLogin" tests="1" failures="0" timestamp="07 Jun 2019 03:07:31 GMT" time="12.444" errors="0">
  <testcase name="testInvalidLogin" time="12.444" classname="scripts.TestInvalidLogin"/>
</testsuite> <!-- scripts.TestInvalidLogin -->
